<?xml version="1.0" encoding="UTF-8"?>
<!-- Generated by org.testng.reporters.JUnitReportReporter -->
<testsuite hostname="DESKTOP-2TF4MJL" failures="0" tests="10" name="demoqa.PraticeForm" time="9.595" errors="0" timestamp="05 Jul 2023 06:29:47 GMT" skipped="0">
  <testcase classname="demoqa.PraticeForm" name="selectcity" time="0.175"/>
  <testcase classname="demoqa.PraticeForm" name="Mobile" time="0.274"/>
  <testcase classname="demoqa.PraticeForm" name="enterData" time="0.598"/>
  <testcase classname="demoqa.PraticeForm" name="Gender" time="0.354"/>
  <testcase classname="demoqa.PraticeForm" name="selectDate" time="0.999"/>
  <testcase classname="demoqa.PraticeForm" name="subject" time="2.416"/>
  <testcase classname="demoqa.PraticeForm" name="Hobbies" time="0.231"/>
  <testcase classname="demoqa.PraticeForm" name="Upload" time="4.083"/>
  <testcase classname="demoqa.PraticeForm" name="selectState" time="0.255"/>
  <testcase classname="demoqa.PraticeForm" name="clickSubmit" time="0.210"/>
</testsuite> <!-- demoqa.PraticeForm -->
