<?xml version="1.0" encoding="UTF-8"?>
<!-- Generated by org.testng.reporters.JUnitReportReporter -->
<testsuite hostname="DESKTOP-2TF4MJL" failures="0" tests="3" name="demoqa.Buttons" time="4.293" errors="0" timestamp="25 Jun 2023 06:10:04 GMT" skipped="0">
  <testcase classname="demoqa.Buttons" name="doubleClickBtn" time="1.945"/>
  <testcase classname="demoqa.Buttons" name="RightClickBtn" time="1.171"/>
  <testcase classname="demoqa.Buttons" name="ClickBtn" time="1.177"/>
</testsuite> <!-- demoqa.Buttons -->
