<?xml version="1.0" encoding="UTF-8"?>
<!-- Generated by org.testng.reporters.JUnitReportReporter -->
<testsuite hostname="DESKTOP-2TF4MJL" failures="0" tests="3" name="demoqa.RadioButton" time="4.916" errors="0" timestamp="24 Jun 2023 17:03:08 GMT" skipped="0">
  <testcase classname="demoqa.RadioButton" name="Radiobutton1" time="2.522"/>
  <testcase classname="demoqa.RadioButton" name="Radiobutton2" time="2.226"/>
  <testcase classname="demoqa.RadioButton" name="Radiobutton3" time="0.168"/>
</testsuite> <!-- demoqa.RadioButton -->
