<?xml version="1.0" encoding="UTF-8"?>
<!-- Generated by org.testng.reporters.JUnitReportReporter -->
<testsuite hostname="DESKTOP-2TF4MJL" failures="0" tests="3" name="demoqa.DynamicProperties" time="3.775" errors="0" timestamp="27 Jun 2023 17:24:24 GMT" skipped="0">
  <testcase classname="demoqa.DynamicProperties" name="enableAfter5Sec" time="3.588"/>
  <testcase classname="demoqa.DynamicProperties" name="visibleAfter5Sec" time="0.130"/>
  <testcase classname="demoqa.DynamicProperties" name="colorChange" time="0.057"/>
</testsuite> <!-- demoqa.DynamicProperties -->
