<?xml version="1.0" encoding="UTF-8"?>
<!-- Generated by org.testng.reporters.JUnitReportReporter -->
<testsuite hostname="DESKTOP-2TF4MJL" failures="0" tests="1" name="demoqa.Frames" time="1.171" errors="0" timestamp="25 Jun 2023 06:58:35 GMT" skipped="0">
  <testcase classname="demoqa.Frames" name="frame1" time="1.171"/>
</testsuite> <!-- demoqa.Frames -->
