<?xml version="1.0" encoding="UTF-8"?>
<!-- Generated by org.testng.reporters.JUnitReportReporter -->
<testsuite hostname="DESKTOP-2TF4MJL" failures="0" tests="4" name="demoqa.Alert" time="6.035" errors="0" timestamp="20 Jun 2023 17:04:07 GMT" skipped="0">
  <testcase classname="demoqa.Alert" name="alertButton" time="0.301"/>
  <testcase classname="demoqa.Alert" name="timerAlertButton" time="5.274"/>
  <testcase classname="demoqa.Alert" name="confirmButton" time="0.091"/>
  <testcase classname="demoqa.Alert" name="promptButton" time="0.369"/>
</testsuite> <!-- demoqa.Alert -->
