<?xml version="1.0" encoding="UTF-8"?>
<!-- Generated by org.testng.reporters.JUnitReportReporter -->
<testsuite hostname="DESKTOP-2TF4MJL" failures="0" tests="3" name="com.java.pratctice.test01" time="0.225" errors="0" timestamp="11 Jun 2023 01:18:38 GMT" skipped="0">
  <testcase classname="com.java.pratctice.test01" name="abc" time="0.213"/>
  <testcase classname="com.java.pratctice.test01" name="efg" time="0.007"/>
  <testcase classname="com.java.pratctice.test01" name="xyz" time="0.005"/>
</testsuite> <!-- com.java.pratctice.test01 -->
