<?xml version="1.0" encoding="UTF-8"?>
<!-- Generated by org.testng.reporters.JUnitReportReporter -->
<testsuite hostname="DESKTOP-2TF4MJL" failures="0" tests="2" name="demoqa.Upload_Download" time="5.010" errors="0" timestamp="25 Jun 2023 06:29:35 GMT" skipped="0">
  <testcase classname="demoqa.Upload_Download" name="downloadButton" time="0.359"/>
  <testcase classname="demoqa.Upload_Download" name="uploadButton" time="4.651"/>
</testsuite> <!-- demoqa.Upload_Download -->
