<?xml version="1.0" encoding="UTF-8"?>
<!-- Generated by org.testng.reporters.JUnitReportReporter -->
<testsuite hostname="DESKTOP-2TF4MJL" failures="0" tests="2" name="demoqa.ModalDialog" time="2.984" errors="0" timestamp="28 Jun 2023 01:12:03 GMT" skipped="0">
  <testcase classname="demoqa.ModalDialog" name="smallModal" time="1.188"/>
  <testcase classname="demoqa.ModalDialog" name="largeModel" time="1.796"/>
</testsuite> <!-- demoqa.ModalDialog -->
